Determining if the pthread_create exist failed with the following output:
Change Dir: /home/nabil/Documents/COMP105P/Client/CMakeFiles/CMakeTmp

Run Build Command:"/usr/bin/make" "cmTC_187af/fast"
/usr/bin/make -f CMakeFiles/cmTC_187af.dir/build.make CMakeFiles/cmTC_187af.dir/build
make[1]: Entering directory '/home/nabil/Documents/COMP105P/Client/CMakeFiles/CMakeTmp'
Building C object CMakeFiles/cmTC_187af.dir/CheckSymbolExists.c.o
/usr/bin/cc     -o CMakeFiles/cmTC_187af.dir/CheckSymbolExists.c.o   -c /home/nabil/Documents/COMP105P/Client/CMakeFiles/CMakeTmp/CheckSymbolExists.c
Linking C executable cmTC_187af
/usr/bin/cmake -E cmake_link_script CMakeFiles/cmTC_187af.dir/link.txt --verbose=1
/usr/bin/cc       CMakeFiles/cmTC_187af.dir/CheckSymbolExists.c.o  -o cmTC_187af -rdynamic 
CMakeFiles/cmTC_187af.dir/CheckSymbolExists.c.o: In function `main':
CheckSymbolExists.c:(.text+0x16): undefined reference to `pthread_create'
collect2: error: ld returned 1 exit status
CMakeFiles/cmTC_187af.dir/build.make:97: recipe for target 'cmTC_187af' failed
make[1]: *** [cmTC_187af] Error 1
make[1]: Leaving directory '/home/nabil/Documents/COMP105P/Client/CMakeFiles/CMakeTmp'
Makefile:126: recipe for target 'cmTC_187af/fast' failed
make: *** [cmTC_187af/fast] Error 2

File /home/nabil/Documents/COMP105P/Client/CMakeFiles/CMakeTmp/CheckSymbolExists.c:
/* */
#include <pthread.h>

int main(int argc, char** argv)
{
  (void)argv;
#ifndef pthread_create
  return ((int*)(&pthread_create))[argc];
#else
  (void)argc;
  return 0;
#endif
}

Determining if the function pthread_create exists in the pthreads failed with the following output:
Change Dir: /home/nabil/Documents/COMP105P/Client/CMakeFiles/CMakeTmp

Run Build Command:"/usr/bin/make" "cmTC_72f0f/fast"
/usr/bin/make -f CMakeFiles/cmTC_72f0f.dir/build.make CMakeFiles/cmTC_72f0f.dir/build
make[1]: Entering directory '/home/nabil/Documents/COMP105P/Client/CMakeFiles/CMakeTmp'
Building C object CMakeFiles/cmTC_72f0f.dir/CheckFunctionExists.c.o
/usr/bin/cc    -DCHECK_FUNCTION_EXISTS=pthread_create   -o CMakeFiles/cmTC_72f0f.dir/CheckFunctionExists.c.o   -c /usr/share/cmake-3.5/Modules/CheckFunctionExists.c
Linking C executable cmTC_72f0f
/usr/bin/cmake -E cmake_link_script CMakeFiles/cmTC_72f0f.dir/link.txt --verbose=1
/usr/bin/cc   -DCHECK_FUNCTION_EXISTS=pthread_create    CMakeFiles/cmTC_72f0f.dir/CheckFunctionExists.c.o  -o cmTC_72f0f -rdynamic -lpthreads 
/usr/bin/ld: cannot find -lpthreads
collect2: error: ld returned 1 exit status
CMakeFiles/cmTC_72f0f.dir/build.make:97: recipe for target 'cmTC_72f0f' failed
make[1]: *** [cmTC_72f0f] Error 1
make[1]: Leaving directory '/home/nabil/Documents/COMP105P/Client/CMakeFiles/CMakeTmp'
Makefile:126: recipe for target 'cmTC_72f0f/fast' failed
make: *** [cmTC_72f0f/fast] Error 2


